DEBUG [2017-05-10 15:13:53] /Users/stanley/.pyenv/versions/2.7.8/lib/python2.7/site-packages/django/db/backends/utils.py 89 execute 1652 140737220596672 
 	 (0.000) SET SQL_AUTO_IS_NULL = 0; args=None 

DEBUG [2017-05-10 15:13:53] /Users/stanley/.pyenv/versions/2.7.8/lib/python2.7/site-packages/django/db/backends/utils.py 89 execute 1652 140737220596672 
 	 (0.000) SET SQL_AUTO_IS_NULL = 0; args=None 

DEBUG [2017-05-10 15:13:53] /Users/stanley/.pyenv/versions/2.7.8/lib/python2.7/site-packages/django/db/backends/utils.py 89 execute 1652 140737220596672 
 	 (0.000) SHOW FULL TABLES; args=None 

DEBUG [2017-05-10 15:13:53] /Users/stanley/.pyenv/versions/2.7.8/lib/python2.7/site-packages/django/db/backends/base/schema.py 102 execute 1652 140737220596672 
 	 CREATE TABLE `django_migrations` (`id` integer AUTO_INCREMENT NOT NULL PRIMARY KEY, `app` varchar(255) NOT NULL, `name` varchar(255) NOT NULL, `applied` datetime(6) NOT NULL); (params None) 

DEBUG [2017-05-10 15:13:53] /Users/stanley/.pyenv/versions/2.7.8/lib/python2.7/site-packages/django/db/backends/utils.py 89 execute 1652 140737220596672 
 	 (0.036) CREATE TABLE `django_migrations` (`id` integer AUTO_INCREMENT NOT NULL PRIMARY KEY, `app` varchar(255) NOT NULL, `name` varchar(255) NOT NULL, `applied` datetime(6) NOT NULL); args=None 

DEBUG [2017-05-10 15:13:53] /Users/stanley/.pyenv/versions/2.7.8/lib/python2.7/site-packages/django/db/backends/utils.py 89 execute 1652 140737220596672 
 	 (0.004) SELECT engine FROM information_schema.tables WHERE table_name = 'django_migrations'; args=[u'django_migrations'] 

DEBUG [2017-05-10 15:13:53] /Users/stanley/.pyenv/versions/2.7.8/lib/python2.7/site-packages/django/db/backends/utils.py 89 execute 1652 140737220596672 
 	 (0.006) SELECT `django_migrations`.`app`, `django_migrations`.`name` FROM `django_migrations`; args=() 

DEBUG [2017-05-10 15:13:53] /Users/stanley/.pyenv/versions/2.7.8/lib/python2.7/site-packages/django/db/backends/utils.py 89 execute 1652 140737220596672 
 	 (0.000) SHOW FULL TABLES; args=None 

DEBUG [2017-05-10 15:13:53] /Users/stanley/.pyenv/versions/2.7.8/lib/python2.7/site-packages/django/db/backends/utils.py 89 execute 1652 140737220596672 
 	 (0.000) SET foreign_key_checks=0; args=None 

DEBUG [2017-05-10 15:13:53] /Users/stanley/.pyenv/versions/2.7.8/lib/python2.7/site-packages/django/db/backends/utils.py 89 execute 1652 140737220596672 
 	 (0.000) SET foreign_key_checks=1; args=None 

DEBUG [2017-05-10 15:13:53] /Users/stanley/.pyenv/versions/2.7.8/lib/python2.7/site-packages/django/db/backends/utils.py 89 execute 1652 140737220596672 
 	 (0.000) SET SQL_AUTO_IS_NULL = 0; args=None 

DEBUG [2017-05-10 15:13:53] /Users/stanley/.pyenv/versions/2.7.8/lib/python2.7/site-packages/django/db/backends/utils.py 89 execute 1652 140737220596672 
 	 (0.000) SET foreign_key_checks=0; args=None 

DEBUG [2017-05-10 15:13:53] /Users/stanley/.pyenv/versions/2.7.8/lib/python2.7/site-packages/django/db/backends/utils.py 89 execute 1652 140737220596672 
 	 (0.000) SET foreign_key_checks=1; args=None 

DEBUG [2017-05-10 15:13:53] /Users/stanley/.pyenv/versions/2.7.8/lib/python2.7/site-packages/django/db/backends/utils.py 89 execute 1652 140737220596672 
 	 (0.000) SET SQL_AUTO_IS_NULL = 0; args=None 

DEBUG [2017-05-10 15:13:53] /Users/stanley/.pyenv/versions/2.7.8/lib/python2.7/site-packages/django/db/backends/utils.py 89 execute 1652 140737220596672 
 	 (0.000) SET foreign_key_checks=0; args=None 

DEBUG [2017-05-10 15:13:53] /Users/stanley/.pyenv/versions/2.7.8/lib/python2.7/site-packages/django/db/backends/utils.py 89 execute 1652 140737220596672 
 	 (0.000) SET foreign_key_checks=1; args=None 

DEBUG [2017-05-10 15:13:53] /Users/stanley/.pyenv/versions/2.7.8/lib/python2.7/site-packages/django/db/backends/base/schema.py 102 execute 1652 140737220596672 
 	 CREATE TABLE `django_content_type` (`id` integer AUTO_INCREMENT NOT NULL PRIMARY KEY, `name` varchar(100) NOT NULL, `app_label` varchar(100) NOT NULL, `model` varchar(100) NOT NULL); (params None) 

DEBUG [2017-05-10 15:13:53] /Users/stanley/.pyenv/versions/2.7.8/lib/python2.7/site-packages/django/db/backends/utils.py 89 execute 1652 140737220596672 
 	 (0.000) SET SQL_AUTO_IS_NULL = 0; args=None 

DEBUG [2017-05-10 15:13:53] /Users/stanley/.pyenv/versions/2.7.8/lib/python2.7/site-packages/django/db/backends/utils.py 89 execute 1652 140737220596672 
 	 (0.012) CREATE TABLE `django_content_type` (`id` integer AUTO_INCREMENT NOT NULL PRIMARY KEY, `name` varchar(100) NOT NULL, `app_label` varchar(100) NOT NULL, `model` varchar(100) NOT NULL); args=None 

DEBUG [2017-05-10 15:13:53] /Users/stanley/.pyenv/versions/2.7.8/lib/python2.7/site-packages/django/db/backends/utils.py 89 execute 1652 140737220596672 
 	 (0.001) SELECT engine FROM information_schema.tables WHERE table_name = 'django_content_type'; args=[u'django_content_type'] 

DEBUG [2017-05-10 15:13:53] /Users/stanley/.pyenv/versions/2.7.8/lib/python2.7/site-packages/django/db/backends/base/schema.py 102 execute 1652 140737220596672 
 	 ALTER TABLE `django_content_type` ADD CONSTRAINT `django_content_type_app_label_45f3b1d93ec8c61c_uniq` UNIQUE (`app_label`, `model`); (params []) 

DEBUG [2017-05-10 15:13:53] /Users/stanley/.pyenv/versions/2.7.8/lib/python2.7/site-packages/django/db/backends/utils.py 89 execute 1652 140737220596672 
 	 (0.028) ALTER TABLE `django_content_type` ADD CONSTRAINT `django_content_type_app_label_45f3b1d93ec8c61c_uniq` UNIQUE (`app_label`, `model`); args=[] 

DEBUG [2017-05-10 15:13:53] /Users/stanley/.pyenv/versions/2.7.8/lib/python2.7/site-packages/django/db/backends/utils.py 89 execute 1652 140737220596672 
 	 (0.001) SHOW FULL TABLES; args=None 

DEBUG [2017-05-10 15:13:53] /Users/stanley/.pyenv/versions/2.7.8/lib/python2.7/site-packages/django/db/backends/utils.py 89 execute 1652 140737220596672 
 	 (0.004) INSERT INTO `django_migrations` (`app`, `name`, `applied`) VALUES ('contenttypes', '0001_initial', '2017-05-10 15:13:53.726349'); args=['contenttypes', u'0001_initial', u'2017-05-10 15:13:53.726349'] 

DEBUG [2017-05-10 15:13:53] /Users/stanley/.pyenv/versions/2.7.8/lib/python2.7/site-packages/django/db/backends/base/schema.py 102 execute 1652 140737220596672 
 	 ALTER TABLE `django_content_type` MODIFY `name` varchar(100) NULL; (params []) 

DEBUG [2017-05-10 15:13:53] /Users/stanley/.pyenv/versions/2.7.8/lib/python2.7/site-packages/django/db/backends/utils.py 89 execute 1652 140737220596672 
 	 (0.017) ALTER TABLE `django_content_type` MODIFY `name` varchar(100) NULL; args=[] 

DEBUG [2017-05-10 15:13:53] /Users/stanley/.pyenv/versions/2.7.8/lib/python2.7/site-packages/django/db/backends/base/schema.py 102 execute 1652 140737220596672 
 	 ALTER TABLE `django_content_type` DROP COLUMN `name` CASCADE; (params []) 

DEBUG [2017-05-10 15:13:53] /Users/stanley/.pyenv/versions/2.7.8/lib/python2.7/site-packages/django/db/backends/utils.py 89 execute 1652 140737220596672 
 	 (0.016) ALTER TABLE `django_content_type` DROP COLUMN `name` CASCADE; args=[] 

DEBUG [2017-05-10 15:13:53] /Users/stanley/.pyenv/versions/2.7.8/lib/python2.7/site-packages/django/db/backends/utils.py 89 execute 1652 140737220596672 
 	 (0.000) SHOW FULL TABLES; args=None 

DEBUG [2017-05-10 15:13:53] /Users/stanley/.pyenv/versions/2.7.8/lib/python2.7/site-packages/django/db/backends/utils.py 89 execute 1652 140737220596672 
 	 (0.000) INSERT INTO `django_migrations` (`app`, `name`, `applied`) VALUES ('contenttypes', '0002_remove_content_type_name', '2017-05-10 15:13:53.770738'); args=['contenttypes', u'0002_remove_content_type_name', u'2017-05-10 15:13:53.770738'] 

DEBUG [2017-05-10 15:13:53] /Users/stanley/.pyenv/versions/2.7.8/lib/python2.7/site-packages/django/db/backends/base/schema.py 102 execute 1652 140737220596672 
 	 CREATE TABLE `auth_permission` (`id` integer AUTO_INCREMENT NOT NULL PRIMARY KEY, `name` varchar(50) NOT NULL, `content_type_id` integer NOT NULL, `codename` varchar(100) NOT NULL, UNIQUE (`content_type_id`, `codename`)); (params None) 

DEBUG [2017-05-10 15:13:53] /Users/stanley/.pyenv/versions/2.7.8/lib/python2.7/site-packages/django/db/backends/utils.py 89 execute 1652 140737220596672 
 	 (0.014) CREATE TABLE `auth_permission` (`id` integer AUTO_INCREMENT NOT NULL PRIMARY KEY, `name` varchar(50) NOT NULL, `content_type_id` integer NOT NULL, `codename` varchar(100) NOT NULL, UNIQUE (`content_type_id`, `codename`)); args=None 

DEBUG [2017-05-10 15:13:53] /Users/stanley/.pyenv/versions/2.7.8/lib/python2.7/site-packages/django/db/backends/utils.py 89 execute 1652 140737220596672 
 	 (0.001) SELECT engine FROM information_schema.tables WHERE table_name = 'auth_permission'; args=[u'auth_permission'] 

DEBUG [2017-05-10 15:13:53] /Users/stanley/.pyenv/versions/2.7.8/lib/python2.7/site-packages/django/db/backends/base/schema.py 102 execute 1652 140737220596672 
 	 CREATE TABLE `auth_group` (`id` integer AUTO_INCREMENT NOT NULL PRIMARY KEY, `name` varchar(80) NOT NULL UNIQUE); (params None) 

DEBUG [2017-05-10 15:13:53] /Users/stanley/.pyenv/versions/2.7.8/lib/python2.7/site-packages/django/db/backends/utils.py 89 execute 1652 140737220596672 
 	 (0.014) CREATE TABLE `auth_group` (`id` integer AUTO_INCREMENT NOT NULL PRIMARY KEY, `name` varchar(80) NOT NULL UNIQUE); args=None 

DEBUG [2017-05-10 15:13:53] /Users/stanley/.pyenv/versions/2.7.8/lib/python2.7/site-packages/django/db/backends/utils.py 89 execute 1652 140737220596672 
 	 (0.001) SELECT engine FROM information_schema.tables WHERE table_name = 'auth_group'; args=[u'auth_group'] 

DEBUG [2017-05-10 15:13:53] /Users/stanley/.pyenv/versions/2.7.8/lib/python2.7/site-packages/django/db/backends/base/schema.py 102 execute 1652 140737220596672 
 	 CREATE TABLE `auth_group_permissions` (`id` integer AUTO_INCREMENT NOT NULL PRIMARY KEY, `group_id` integer NOT NULL, `permission_id` integer NOT NULL, UNIQUE (`group_id`, `permission_id`)); (params None) 

DEBUG [2017-05-10 15:13:53] /Users/stanley/.pyenv/versions/2.7.8/lib/python2.7/site-packages/django/db/backends/utils.py 89 execute 1652 140737220596672 
 	 (0.014) CREATE TABLE `auth_group_permissions` (`id` integer AUTO_INCREMENT NOT NULL PRIMARY KEY, `group_id` integer NOT NULL, `permission_id` integer NOT NULL, UNIQUE (`group_id`, `permission_id`)); args=None 

DEBUG [2017-05-10 15:13:53] /Users/stanley/.pyenv/versions/2.7.8/lib/python2.7/site-packages/django/db/backends/utils.py 89 execute 1652 140737220596672 
 	 (0.001) SELECT engine FROM information_schema.tables WHERE table_name = 'auth_group_permissions'; args=[u'auth_group_permissions'] 

DEBUG [2017-05-10 15:13:53] /Users/stanley/.pyenv/versions/2.7.8/lib/python2.7/site-packages/django/db/backends/base/schema.py 102 execute 1652 140737220596672 
 	 ALTER TABLE `auth_permission` ADD CONSTRAINT `auth__content_type_id_508cf46651277a81_fk_django_content_type_id` FOREIGN KEY (`content_type_id`) REFERENCES `django_content_type` (`id`); (params []) 

DEBUG [2017-05-10 15:13:53] /Users/stanley/.pyenv/versions/2.7.8/lib/python2.7/site-packages/django/db/backends/utils.py 89 execute 1652 140737220596672 
 	 (0.026) ALTER TABLE `auth_permission` ADD CONSTRAINT `auth__content_type_id_508cf46651277a81_fk_django_content_type_id` FOREIGN KEY (`content_type_id`) REFERENCES `django_content_type` (`id`); args=[] 

DEBUG [2017-05-10 15:13:53] /Users/stanley/.pyenv/versions/2.7.8/lib/python2.7/site-packages/django/db/backends/base/schema.py 102 execute 1652 140737220596672 
 	 ALTER TABLE `auth_group_permissions` ADD CONSTRAINT `auth_group_permission_group_id_689710a9a73b7457_fk_auth_group_id` FOREIGN KEY (`group_id`) REFERENCES `auth_group` (`id`); (params []) 

DEBUG [2017-05-10 15:13:53] /Users/stanley/.pyenv/versions/2.7.8/lib/python2.7/site-packages/django/db/backends/utils.py 89 execute 1652 140737220596672 
 	 (0.019) ALTER TABLE `auth_group_permissions` ADD CONSTRAINT `auth_group_permission_group_id_689710a9a73b7457_fk_auth_group_id` FOREIGN KEY (`group_id`) REFERENCES `auth_group` (`id`); args=[] 

DEBUG [2017-05-10 15:13:53] /Users/stanley/.pyenv/versions/2.7.8/lib/python2.7/site-packages/django/db/backends/base/schema.py 102 execute 1652 140737220596672 
 	 ALTER TABLE `auth_group_permissions` ADD CONSTRAINT `auth_group__permission_id_1f49ccbbdc69d2fc_fk_auth_permission_id` FOREIGN KEY (`permission_id`) REFERENCES `auth_permission` (`id`); (params []) 

DEBUG [2017-05-10 15:13:53] /Users/stanley/.pyenv/versions/2.7.8/lib/python2.7/site-packages/django/db/backends/utils.py 89 execute 1652 140737220596672 
 	 (0.017) ALTER TABLE `auth_group_permissions` ADD CONSTRAINT `auth_group__permission_id_1f49ccbbdc69d2fc_fk_auth_permission_id` FOREIGN KEY (`permission_id`) REFERENCES `auth_permission` (`id`); args=[] 

DEBUG [2017-05-10 15:13:53] /Users/stanley/.pyenv/versions/2.7.8/lib/python2.7/site-packages/django/db/backends/utils.py 89 execute 1652 140737220596672 
 	 (0.001) SHOW FULL TABLES; args=None 

DEBUG [2017-05-10 15:13:53] /Users/stanley/.pyenv/versions/2.7.8/lib/python2.7/site-packages/django/db/backends/utils.py 89 execute 1652 140737220596672 
 	 (0.000) INSERT INTO `django_migrations` (`app`, `name`, `applied`) VALUES ('auth', '0001_initial', '2017-05-10 15:13:53.900111'); args=['auth', u'0001_initial', u'2017-05-10 15:13:53.900111'] 

DEBUG [2017-05-10 15:13:53] /Users/stanley/.pyenv/versions/2.7.8/lib/python2.7/site-packages/django/db/backends/base/schema.py 102 execute 1652 140737220596672 
 	 ALTER TABLE `auth_permission` MODIFY `name` varchar(255) NOT NULL; (params []) 

DEBUG [2017-05-10 15:13:53] /Users/stanley/.pyenv/versions/2.7.8/lib/python2.7/site-packages/django/db/backends/utils.py 89 execute 1652 140737220596672 
 	 (0.016) ALTER TABLE `auth_permission` MODIFY `name` varchar(255) NOT NULL; args=[] 

DEBUG [2017-05-10 15:13:53] /Users/stanley/.pyenv/versions/2.7.8/lib/python2.7/site-packages/django/db/backends/utils.py 89 execute 1652 140737220596672 
 	 (0.001) SHOW FULL TABLES; args=None 

DEBUG [2017-05-10 15:13:53] /Users/stanley/.pyenv/versions/2.7.8/lib/python2.7/site-packages/django/db/backends/utils.py 89 execute 1652 140737220596672 
 	 (0.000) INSERT INTO `django_migrations` (`app`, `name`, `applied`) VALUES ('auth', '0002_alter_permission_name_max_length', '2017-05-10 15:13:53.924432'); args=['auth', u'0002_alter_permission_name_max_length', u'2017-05-10 15:13:53.924432'] 

DEBUG [2017-05-10 15:13:53] /Users/stanley/.pyenv/versions/2.7.8/lib/python2.7/site-packages/django/db/backends/utils.py 89 execute 1652 140737220596672 
 	 (0.001) SHOW FULL TABLES; args=None 

DEBUG [2017-05-10 15:13:53] /Users/stanley/.pyenv/versions/2.7.8/lib/python2.7/site-packages/django/db/backends/utils.py 89 execute 1652 140737220596672 
 	 (0.000) INSERT INTO `django_migrations` (`app`, `name`, `applied`) VALUES ('auth', '0003_alter_user_email_max_length', '2017-05-10 15:13:53.934297'); args=['auth', u'0003_alter_user_email_max_length', u'2017-05-10 15:13:53.934297'] 

DEBUG [2017-05-10 15:13:53] /Users/stanley/.pyenv/versions/2.7.8/lib/python2.7/site-packages/django/db/backends/utils.py 89 execute 1652 140737220596672 
 	 (0.001) SHOW FULL TABLES; args=None 

DEBUG [2017-05-10 15:13:53] /Users/stanley/.pyenv/versions/2.7.8/lib/python2.7/site-packages/django/db/backends/utils.py 89 execute 1652 140737220596672 
 	 (0.000) INSERT INTO `django_migrations` (`app`, `name`, `applied`) VALUES ('auth', '0004_alter_user_username_opts', '2017-05-10 15:13:53.949045'); args=['auth', u'0004_alter_user_username_opts', u'2017-05-10 15:13:53.949045'] 

DEBUG [2017-05-10 15:13:53] /Users/stanley/.pyenv/versions/2.7.8/lib/python2.7/site-packages/django/db/backends/utils.py 89 execute 1652 140737220596672 
 	 (0.001) SHOW FULL TABLES; args=None 

DEBUG [2017-05-10 15:13:53] /Users/stanley/.pyenv/versions/2.7.8/lib/python2.7/site-packages/django/db/backends/utils.py 89 execute 1652 140737220596672 
 	 (0.000) INSERT INTO `django_migrations` (`app`, `name`, `applied`) VALUES ('auth', '0005_alter_user_last_login_null', '2017-05-10 15:13:53.960759'); args=['auth', u'0005_alter_user_last_login_null', u'2017-05-10 15:13:53.960759'] 

DEBUG [2017-05-10 15:13:53] /Users/stanley/.pyenv/versions/2.7.8/lib/python2.7/site-packages/django/db/backends/utils.py 89 execute 1652 140737220596672 
 	 (0.001) SHOW FULL TABLES; args=None 

DEBUG [2017-05-10 15:13:53] /Users/stanley/.pyenv/versions/2.7.8/lib/python2.7/site-packages/django/db/backends/utils.py 89 execute 1652 140737220596672 
 	 (0.000) INSERT INTO `django_migrations` (`app`, `name`, `applied`) VALUES ('auth', '0006_require_contenttypes_0002', '2017-05-10 15:13:53.963364'); args=['auth', u'0006_require_contenttypes_0002', u'2017-05-10 15:13:53.963364'] 

DEBUG [2017-05-10 15:13:53] /Users/stanley/.pyenv/versions/2.7.8/lib/python2.7/site-packages/django/db/backends/base/schema.py 102 execute 1652 140737220596672 
 	 CREATE TABLE `account_bkuser` (`id` integer AUTO_INCREMENT NOT NULL PRIMARY KEY, `password` varchar(128) NOT NULL, `last_login` datetime(6) NULL, `is_superuser` bool NOT NULL, `username` varchar(128) NOT NULL UNIQUE, `chname` varchar(254) NOT NULL, `company` varchar(128) NOT NULL, `qq` varchar(32) NOT NULL, `phone` varchar(64) NOT NULL, `email` varchar(254) NOT NULL, `is_staff` bool NOT NULL, `date_joined` datetime(6) NOT NULL); (params None) 

DEBUG [2017-05-10 15:13:53] /Users/stanley/.pyenv/versions/2.7.8/lib/python2.7/site-packages/django/db/backends/utils.py 89 execute 1652 140737220596672 
 	 (0.013) CREATE TABLE `account_bkuser` (`id` integer AUTO_INCREMENT NOT NULL PRIMARY KEY, `password` varchar(128) NOT NULL, `last_login` datetime(6) NULL, `is_superuser` bool NOT NULL, `username` varchar(128) NOT NULL UNIQUE, `chname` varchar(254) NOT NULL, `company` varchar(128) NOT NULL, `qq` varchar(32) NOT NULL, `phone` varchar(64) NOT NULL, `email` varchar(254) NOT NULL, `is_staff` bool NOT NULL, `date_joined` datetime(6) NOT NULL); args=None 

DEBUG [2017-05-10 15:13:53] /Users/stanley/.pyenv/versions/2.7.8/lib/python2.7/site-packages/django/db/backends/utils.py 89 execute 1652 140737220596672 
 	 (0.001) SELECT engine FROM information_schema.tables WHERE table_name = 'account_bkuser'; args=[u'account_bkuser'] 

DEBUG [2017-05-10 15:13:53] /Users/stanley/.pyenv/versions/2.7.8/lib/python2.7/site-packages/django/db/backends/base/schema.py 102 execute 1652 140737220596672 
 	 CREATE TABLE `account_bkuser_groups` (`id` integer AUTO_INCREMENT NOT NULL PRIMARY KEY, `bkuser_id` integer NOT NULL, `group_id` integer NOT NULL, UNIQUE (`bkuser_id`, `group_id`)); (params None) 

DEBUG [2017-05-10 15:13:54] /Users/stanley/.pyenv/versions/2.7.8/lib/python2.7/site-packages/django/db/backends/utils.py 89 execute 1652 140737220596672 
 	 (0.015) CREATE TABLE `account_bkuser_groups` (`id` integer AUTO_INCREMENT NOT NULL PRIMARY KEY, `bkuser_id` integer NOT NULL, `group_id` integer NOT NULL, UNIQUE (`bkuser_id`, `group_id`)); args=None 

DEBUG [2017-05-10 15:13:54] /Users/stanley/.pyenv/versions/2.7.8/lib/python2.7/site-packages/django/db/backends/utils.py 89 execute 1652 140737220596672 
 	 (0.001) SELECT engine FROM information_schema.tables WHERE table_name = 'account_bkuser_groups'; args=[u'account_bkuser_groups'] 

DEBUG [2017-05-10 15:13:54] /Users/stanley/.pyenv/versions/2.7.8/lib/python2.7/site-packages/django/db/backends/base/schema.py 102 execute 1652 140737220596672 
 	 CREATE TABLE `account_bkuser_user_permissions` (`id` integer AUTO_INCREMENT NOT NULL PRIMARY KEY, `bkuser_id` integer NOT NULL, `permission_id` integer NOT NULL, UNIQUE (`bkuser_id`, `permission_id`)); (params None) 

DEBUG [2017-05-10 15:13:54] /Users/stanley/.pyenv/versions/2.7.8/lib/python2.7/site-packages/django/db/backends/utils.py 89 execute 1652 140737220596672 
 	 (0.017) CREATE TABLE `account_bkuser_user_permissions` (`id` integer AUTO_INCREMENT NOT NULL PRIMARY KEY, `bkuser_id` integer NOT NULL, `permission_id` integer NOT NULL, UNIQUE (`bkuser_id`, `permission_id`)); args=None 

DEBUG [2017-05-10 15:13:54] /Users/stanley/.pyenv/versions/2.7.8/lib/python2.7/site-packages/django/db/backends/utils.py 89 execute 1652 140737220596672 
 	 (0.001) SELECT engine FROM information_schema.tables WHERE table_name = 'account_bkuser_user_permissions'; args=[u'account_bkuser_user_permissions'] 

DEBUG [2017-05-10 15:13:54] /Users/stanley/.pyenv/versions/2.7.8/lib/python2.7/site-packages/django/db/backends/base/schema.py 102 execute 1652 140737220596672 
 	 ALTER TABLE `account_bkuser_groups` ADD CONSTRAINT `account_bkuser_g_bkuser_id_2afe1b401266c2ba_fk_account_bkuser_id` FOREIGN KEY (`bkuser_id`) REFERENCES `account_bkuser` (`id`); (params []) 

DEBUG [2017-05-10 15:13:54] /Users/stanley/.pyenv/versions/2.7.8/lib/python2.7/site-packages/django/db/backends/utils.py 89 execute 1652 140737220596672 
 	 (0.025) ALTER TABLE `account_bkuser_groups` ADD CONSTRAINT `account_bkuser_g_bkuser_id_2afe1b401266c2ba_fk_account_bkuser_id` FOREIGN KEY (`bkuser_id`) REFERENCES `account_bkuser` (`id`); args=[] 

DEBUG [2017-05-10 15:13:54] /Users/stanley/.pyenv/versions/2.7.8/lib/python2.7/site-packages/django/db/backends/base/schema.py 102 execute 1652 140737220596672 
 	 ALTER TABLE `account_bkuser_groups` ADD CONSTRAINT `account_bkuser_groups_group_id_62e6d4600781d550_fk_auth_group_id` FOREIGN KEY (`group_id`) REFERENCES `auth_group` (`id`); (params []) 

DEBUG [2017-05-10 15:13:54] /Users/stanley/.pyenv/versions/2.7.8/lib/python2.7/site-packages/django/db/backends/utils.py 89 execute 1652 140737220596672 
 	 (0.025) ALTER TABLE `account_bkuser_groups` ADD CONSTRAINT `account_bkuser_groups_group_id_62e6d4600781d550_fk_auth_group_id` FOREIGN KEY (`group_id`) REFERENCES `auth_group` (`id`); args=[] 

DEBUG [2017-05-10 15:13:54] /Users/stanley/.pyenv/versions/2.7.8/lib/python2.7/site-packages/django/db/backends/base/schema.py 102 execute 1652 140737220596672 
 	 ALTER TABLE `account_bkuser_user_permissions` ADD CONSTRAINT `account_bkuser_u_bkuser_id_726503c76778809c_fk_account_bkuser_id` FOREIGN KEY (`bkuser_id`) REFERENCES `account_bkuser` (`id`); (params []) 

DEBUG [2017-05-10 15:13:54] /Users/stanley/.pyenv/versions/2.7.8/lib/python2.7/site-packages/django/db/backends/utils.py 89 execute 1652 140737220596672 
 	 (0.021) ALTER TABLE `account_bkuser_user_permissions` ADD CONSTRAINT `account_bkuser_u_bkuser_id_726503c76778809c_fk_account_bkuser_id` FOREIGN KEY (`bkuser_id`) REFERENCES `account_bkuser` (`id`); args=[] 

DEBUG [2017-05-10 15:13:54] /Users/stanley/.pyenv/versions/2.7.8/lib/python2.7/site-packages/django/db/backends/base/schema.py 102 execute 1652 140737220596672 
 	 ALTER TABLE `account_bkuser_user_permissions` ADD CONSTRAINT `account_bkus_permission_id_d5bec30ce864e6d_fk_auth_permission_id` FOREIGN KEY (`permission_id`) REFERENCES `auth_permission` (`id`); (params []) 

DEBUG [2017-05-10 15:13:54] /Users/stanley/.pyenv/versions/2.7.8/lib/python2.7/site-packages/django/db/backends/utils.py 89 execute 1652 140737220596672 
 	 (0.017) ALTER TABLE `account_bkuser_user_permissions` ADD CONSTRAINT `account_bkus_permission_id_d5bec30ce864e6d_fk_auth_permission_id` FOREIGN KEY (`permission_id`) REFERENCES `auth_permission` (`id`); args=[] 

DEBUG [2017-05-10 15:13:54] /Users/stanley/.pyenv/versions/2.7.8/lib/python2.7/site-packages/django/db/backends/utils.py 89 execute 1652 140737220596672 
 	 (0.001) SHOW FULL TABLES; args=None 

DEBUG [2017-05-10 15:13:54] /Users/stanley/.pyenv/versions/2.7.8/lib/python2.7/site-packages/django/db/backends/utils.py 89 execute 1652 140737220596672 
 	 (0.000) INSERT INTO `django_migrations` (`app`, `name`, `applied`) VALUES ('account', '0001_initial', '2017-05-10 15:13:54.117728'); args=['account', u'0001_initial', u'2017-05-10 15:13:54.117728'] 

DEBUG [2017-05-10 15:13:54] /Users/stanley/.pyenv/versions/2.7.8/lib/python2.7/site-packages/django/db/backends/utils.py 89 execute 1652 140737220596672 
 	 (0.001) INSERT INTO `account_bkuser` (`password`, `last_login`, `is_superuser`, `username`, `chname`, `company`, `qq`, `phone`, `email`, `is_staff`, `date_joined`) VALUES ('', '2017-05-10 15:13:54.121385', 1, 'admin', '', '', '', '', '', 1, '2017-05-10 15:13:54.121385'); args=[u'', u'2017-05-10 15:13:54.121385', True, 'admin', u'', u'', u'', u'', u'', True, u'2017-05-10 15:13:54.121385'] 

DEBUG [2017-05-10 15:13:54] /Users/stanley/.pyenv/versions/2.7.8/lib/python2.7/site-packages/django/db/backends/utils.py 89 execute 1652 140737220596672 
 	 (0.001) SHOW FULL TABLES; args=None 

DEBUG [2017-05-10 15:13:54] /Users/stanley/.pyenv/versions/2.7.8/lib/python2.7/site-packages/django/db/backends/utils.py 89 execute 1652 140737220596672 
 	 (0.000) INSERT INTO `django_migrations` (`app`, `name`, `applied`) VALUES ('account', '0002_initial_user_data', '2017-05-10 15:13:54.124789'); args=['account', u'0002_initial_user_data', u'2017-05-10 15:13:54.124789'] 

DEBUG [2017-05-10 15:13:54] /Users/stanley/.pyenv/versions/2.7.8/lib/python2.7/site-packages/django/db/backends/base/schema.py 102 execute 1652 140737220596672 
 	 CREATE TABLE `django_admin_log` (`id` integer AUTO_INCREMENT NOT NULL PRIMARY KEY, `action_time` datetime(6) NOT NULL, `object_id` longtext NULL, `object_repr` varchar(200) NOT NULL, `action_flag` smallint UNSIGNED NOT NULL, `change_message` longtext NOT NULL, `content_type_id` integer NULL, `user_id` integer NOT NULL); (params None) 

DEBUG [2017-05-10 15:13:54] /Users/stanley/.pyenv/versions/2.7.8/lib/python2.7/site-packages/django/db/backends/utils.py 89 execute 1652 140737220596672 
 	 (0.010) CREATE TABLE `django_admin_log` (`id` integer AUTO_INCREMENT NOT NULL PRIMARY KEY, `action_time` datetime(6) NOT NULL, `object_id` longtext NULL, `object_repr` varchar(200) NOT NULL, `action_flag` smallint UNSIGNED NOT NULL, `change_message` longtext NOT NULL, `content_type_id` integer NULL, `user_id` integer NOT NULL); args=None 

DEBUG [2017-05-10 15:13:54] /Users/stanley/.pyenv/versions/2.7.8/lib/python2.7/site-packages/django/db/backends/utils.py 89 execute 1652 140737220596672 
 	 (0.001) SELECT engine FROM information_schema.tables WHERE table_name = 'django_admin_log'; args=[u'django_admin_log'] 

DEBUG [2017-05-10 15:13:54] /Users/stanley/.pyenv/versions/2.7.8/lib/python2.7/site-packages/django/db/backends/base/schema.py 102 execute 1652 140737220596672 
 	 ALTER TABLE `django_admin_log` ADD CONSTRAINT `djang_content_type_id_697914295151027a_fk_django_content_type_id` FOREIGN KEY (`content_type_id`) REFERENCES `django_content_type` (`id`); (params []) 

DEBUG [2017-05-10 15:13:54] /Users/stanley/.pyenv/versions/2.7.8/lib/python2.7/site-packages/django/db/backends/utils.py 89 execute 1652 140737220596672 
 	 (0.022) ALTER TABLE `django_admin_log` ADD CONSTRAINT `djang_content_type_id_697914295151027a_fk_django_content_type_id` FOREIGN KEY (`content_type_id`) REFERENCES `django_content_type` (`id`); args=[] 

DEBUG [2017-05-10 15:13:54] /Users/stanley/.pyenv/versions/2.7.8/lib/python2.7/site-packages/django/db/backends/base/schema.py 102 execute 1652 140737220596672 
 	 ALTER TABLE `django_admin_log` ADD CONSTRAINT `django_admin_log_user_id_52fdd58701c5f563_fk_account_bkuser_id` FOREIGN KEY (`user_id`) REFERENCES `account_bkuser` (`id`); (params []) 

DEBUG [2017-05-10 15:13:54] /Users/stanley/.pyenv/versions/2.7.8/lib/python2.7/site-packages/django/db/backends/utils.py 89 execute 1652 140737220596672 
 	 (0.021) ALTER TABLE `django_admin_log` ADD CONSTRAINT `django_admin_log_user_id_52fdd58701c5f563_fk_account_bkuser_id` FOREIGN KEY (`user_id`) REFERENCES `account_bkuser` (`id`); args=[] 

DEBUG [2017-05-10 15:13:54] /Users/stanley/.pyenv/versions/2.7.8/lib/python2.7/site-packages/django/db/backends/utils.py 89 execute 1652 140737220596672 
 	 (0.001) SHOW FULL TABLES; args=None 

DEBUG [2017-05-10 15:13:54] /Users/stanley/.pyenv/versions/2.7.8/lib/python2.7/site-packages/django/db/backends/utils.py 89 execute 1652 140737220596672 
 	 (0.000) INSERT INTO `django_migrations` (`app`, `name`, `applied`) VALUES ('admin', '0001_initial', '2017-05-10 15:13:54.196288'); args=['admin', u'0001_initial', u'2017-05-10 15:13:54.196288'] 

DEBUG [2017-05-10 15:13:54] /Users/stanley/.pyenv/versions/2.7.8/lib/python2.7/site-packages/django/db/backends/base/schema.py 102 execute 1652 140737220596672 
 	 CREATE TABLE `app_control_function_controller` (`id` integer AUTO_INCREMENT NOT NULL PRIMARY KEY, `func_code` varchar(64) NOT NULL UNIQUE, `func_name` varchar(64) NOT NULL, `enabled` bool NOT NULL, `create_time` datetime(6) NOT NULL, `func_developer` longtext NULL); (params None) 

DEBUG [2017-05-10 15:13:54] /Users/stanley/.pyenv/versions/2.7.8/lib/python2.7/site-packages/django/db/backends/utils.py 89 execute 1652 140737220596672 
 	 (0.018) CREATE TABLE `app_control_function_controller` (`id` integer AUTO_INCREMENT NOT NULL PRIMARY KEY, `func_code` varchar(64) NOT NULL UNIQUE, `func_name` varchar(64) NOT NULL, `enabled` bool NOT NULL, `create_time` datetime(6) NOT NULL, `func_developer` longtext NULL); args=None 

DEBUG [2017-05-10 15:13:54] /Users/stanley/.pyenv/versions/2.7.8/lib/python2.7/site-packages/django/db/backends/utils.py 89 execute 1652 140737220596672 
 	 (0.001) SELECT engine FROM information_schema.tables WHERE table_name = 'app_control_function_controller'; args=[u'app_control_function_controller'] 

DEBUG [2017-05-10 15:13:54] /Users/stanley/.pyenv/versions/2.7.8/lib/python2.7/site-packages/django/db/backends/utils.py 89 execute 1652 140737220596672 
 	 (0.001) SHOW FULL TABLES; args=None 

DEBUG [2017-05-10 15:13:54] /Users/stanley/.pyenv/versions/2.7.8/lib/python2.7/site-packages/django/db/backends/utils.py 89 execute 1652 140737220596672 
 	 (0.000) INSERT INTO `django_migrations` (`app`, `name`, `applied`) VALUES ('app_control', '0001_initial', '2017-05-10 15:13:54.222820'); args=['app_control', u'0001_initial', u'2017-05-10 15:13:54.222820'] 

DEBUG [2017-05-10 15:13:54] /Users/stanley/.pyenv/versions/2.7.8/lib/python2.7/site-packages/django/db/backends/utils.py 89 execute 1652 140737220596672 
 	 (0.001) INSERT INTO `app_control_function_controller` (`func_code`, `func_name`, `enabled`, `create_time`, `func_developer`) VALUES ('func_test', '示例功能', 0, '2017-05-10 15:13:54.228072', NULL); args=[u'func_test', u'\u793a\u4f8b\u529f\u80fd', False, u'2017-05-10 15:13:54.228072', None] 

DEBUG [2017-05-10 15:13:54] /Users/stanley/.pyenv/versions/2.7.8/lib/python2.7/site-packages/django/db/backends/utils.py 89 execute 1652 140737220596672 
 	 (0.000) INSERT INTO `app_control_function_controller` (`func_code`, `func_name`, `enabled`, `create_time`, `func_developer`) VALUES ('create_task', '创建任务', 0, '2017-05-10 15:13:54.229834', NULL); args=[u'create_task', u'\u521b\u5efa\u4efb\u52a1', False, u'2017-05-10 15:13:54.229834', None] 

DEBUG [2017-05-10 15:13:54] /Users/stanley/.pyenv/versions/2.7.8/lib/python2.7/site-packages/django/db/backends/utils.py 89 execute 1652 140737220596672 
 	 (0.000) INSERT INTO `app_control_function_controller` (`func_code`, `func_name`, `enabled`, `create_time`, `func_developer`) VALUES ('execute_task', '执行任务', 0, '2017-05-10 15:13:54.230719', NULL); args=[u'execute_task', u'\u6267\u884c\u4efb\u52a1', False, u'2017-05-10 15:13:54.230719', None] 

DEBUG [2017-05-10 15:13:54] /Users/stanley/.pyenv/versions/2.7.8/lib/python2.7/site-packages/django/db/backends/utils.py 89 execute 1652 140737220596672 
 	 (0.000) INSERT INTO `app_control_function_controller` (`func_code`, `func_name`, `enabled`, `create_time`, `func_developer`) VALUES ('tasks', '任务列表', 0, '2017-05-10 15:13:54.231440', NULL); args=[u'tasks', u'\u4efb\u52a1\u5217\u8868', False, u'2017-05-10 15:13:54.231440', None] 

DEBUG [2017-05-10 15:13:54] /Users/stanley/.pyenv/versions/2.7.8/lib/python2.7/site-packages/django/db/backends/utils.py 89 execute 1652 140737220596672 
 	 (0.000) INSERT INTO `app_control_function_controller` (`func_code`, `func_name`, `enabled`, `create_time`, `func_developer`) VALUES ('task', '任务详情', 0, '2017-05-10 15:13:54.232183', NULL); args=[u'task', u'\u4efb\u52a1\u8be6\u60c5', False, u'2017-05-10 15:13:54.232183', None] 

DEBUG [2017-05-10 15:13:54] /Users/stanley/.pyenv/versions/2.7.8/lib/python2.7/site-packages/django/db/backends/utils.py 89 execute 1652 140737220596672 
 	 (0.000) INSERT INTO `app_control_function_controller` (`func_code`, `func_name`, `enabled`, `create_time`, `func_developer`) VALUES ('pause_task', '任务暂停', 0, '2017-05-10 15:13:54.232872', NULL); args=[u'pause_task', u'\u4efb\u52a1\u6682\u505c', False, u'2017-05-10 15:13:54.232872', None] 

DEBUG [2017-05-10 15:13:54] /Users/stanley/.pyenv/versions/2.7.8/lib/python2.7/site-packages/django/db/backends/utils.py 89 execute 1652 140737220596672 
 	 (0.000) INSERT INTO `app_control_function_controller` (`func_code`, `func_name`, `enabled`, `create_time`, `func_developer`) VALUES ('terminate_task', '任务终止', 0, '2017-05-10 15:13:54.233572', NULL); args=[u'terminate_task', u'\u4efb\u52a1\u7ec8\u6b62', False, u'2017-05-10 15:13:54.233572', None] 

DEBUG [2017-05-10 15:13:54] /Users/stanley/.pyenv/versions/2.7.8/lib/python2.7/site-packages/django/db/backends/utils.py 89 execute 1652 140737220596672 
 	 (0.001) SHOW FULL TABLES; args=None 

DEBUG [2017-05-10 15:13:54] /Users/stanley/.pyenv/versions/2.7.8/lib/python2.7/site-packages/django/db/backends/utils.py 89 execute 1652 140737220596672 
 	 (0.000) INSERT INTO `django_migrations` (`app`, `name`, `applied`) VALUES ('app_control', '0002_initial_app_control', '2017-05-10 15:13:54.235993'); args=['app_control', u'0002_initial_app_control', u'2017-05-10 15:13:54.235993'] 

DEBUG [2017-05-10 15:13:54] /Users/stanley/.pyenv/versions/2.7.8/lib/python2.7/site-packages/django/db/backends/base/schema.py 102 execute 1652 140737220596672 
 	 CREATE TABLE `django_session` (`session_key` varchar(40) NOT NULL PRIMARY KEY, `session_data` longtext NOT NULL, `expire_date` datetime(6) NOT NULL); (params None) 

DEBUG [2017-05-10 15:13:54] /Users/stanley/.pyenv/versions/2.7.8/lib/python2.7/site-packages/django/db/backends/utils.py 89 execute 1652 140737220596672 
 	 (0.015) CREATE TABLE `django_session` (`session_key` varchar(40) NOT NULL PRIMARY KEY, `session_data` longtext NOT NULL, `expire_date` datetime(6) NOT NULL); args=None 

DEBUG [2017-05-10 15:13:54] /Users/stanley/.pyenv/versions/2.7.8/lib/python2.7/site-packages/django/db/backends/utils.py 89 execute 1652 140737220596672 
 	 (0.001) SELECT engine FROM information_schema.tables WHERE table_name = 'django_session'; args=[u'django_session'] 

DEBUG [2017-05-10 15:13:54] /Users/stanley/.pyenv/versions/2.7.8/lib/python2.7/site-packages/django/db/backends/base/schema.py 102 execute 1652 140737220596672 
 	 CREATE INDEX `django_session_de54fa62` ON `django_session` (`expire_date`); (params []) 

DEBUG [2017-05-10 15:13:54] /Users/stanley/.pyenv/versions/2.7.8/lib/python2.7/site-packages/django/db/backends/utils.py 89 execute 1652 140737220596672 
 	 (0.018) CREATE INDEX `django_session_de54fa62` ON `django_session` (`expire_date`); args=[] 

DEBUG [2017-05-10 15:13:54] /Users/stanley/.pyenv/versions/2.7.8/lib/python2.7/site-packages/django/db/backends/utils.py 89 execute 1652 140737220596672 
 	 (0.001) SHOW FULL TABLES; args=None 

DEBUG [2017-05-10 15:13:54] /Users/stanley/.pyenv/versions/2.7.8/lib/python2.7/site-packages/django/db/backends/utils.py 89 execute 1652 140737220596672 
 	 (0.000) INSERT INTO `django_migrations` (`app`, `name`, `applied`) VALUES ('sessions', '0001_initial', '2017-05-10 15:13:54.281564'); args=['sessions', u'0001_initial', u'2017-05-10 15:13:54.281564'] 

DEBUG [2017-05-10 15:13:54] /Users/stanley/.pyenv/versions/2.7.8/lib/python2.7/site-packages/django/db/backends/base/schema.py 102 execute 1652 140737220596672 
 	 CREATE TABLE `django_site` (`id` integer AUTO_INCREMENT NOT NULL PRIMARY KEY, `domain` varchar(100) NOT NULL, `name` varchar(50) NOT NULL); (params None) 

DEBUG [2017-05-10 15:13:54] /Users/stanley/.pyenv/versions/2.7.8/lib/python2.7/site-packages/django/db/backends/utils.py 89 execute 1652 140737220596672 
 	 (0.014) CREATE TABLE `django_site` (`id` integer AUTO_INCREMENT NOT NULL PRIMARY KEY, `domain` varchar(100) NOT NULL, `name` varchar(50) NOT NULL); args=None 

DEBUG [2017-05-10 15:13:54] /Users/stanley/.pyenv/versions/2.7.8/lib/python2.7/site-packages/django/db/backends/utils.py 89 execute 1652 140737220596672 
 	 (0.001) SELECT engine FROM information_schema.tables WHERE table_name = 'django_site'; args=[u'django_site'] 

DEBUG [2017-05-10 15:13:54] /Users/stanley/.pyenv/versions/2.7.8/lib/python2.7/site-packages/django/db/backends/utils.py 89 execute 1652 140737220596672 
 	 (0.001) SHOW FULL TABLES; args=None 

DEBUG [2017-05-10 15:13:54] /Users/stanley/.pyenv/versions/2.7.8/lib/python2.7/site-packages/django/db/backends/utils.py 89 execute 1652 140737220596672 
 	 (0.000) INSERT INTO `django_migrations` (`app`, `name`, `applied`) VALUES ('sites', '0001_initial', '2017-05-10 15:13:54.303988'); args=['sites', u'0001_initial', u'2017-05-10 15:13:54.303988'] 

DEBUG [2017-05-10 15:13:54] /Users/stanley/.pyenv/versions/2.7.8/lib/python2.7/site-packages/django/db/backends/utils.py 89 execute 1652 140737220596672 
 	 (0.001) SHOW FULL TABLES; args=None 

DEBUG [2017-05-10 15:13:54] /Users/stanley/.pyenv/versions/2.7.8/lib/python2.7/site-packages/django/db/backends/utils.py 89 execute 1652 140737220596672 
 	 (0.002) SELECT `django_migrations`.`app`, `django_migrations`.`name` FROM `django_migrations`; args=() 

DEBUG [2017-05-10 15:13:54] /Users/stanley/.pyenv/versions/2.7.8/lib/python2.7/site-packages/django/db/backends/utils.py 89 execute 1652 140737220596672 
 	 (0.002) SELECT `django_content_type`.`id`, `django_content_type`.`app_label`, `django_content_type`.`model` FROM `django_content_type` WHERE (`django_content_type`.`model` = 'permission' AND `django_content_type`.`app_label` = 'auth'); args=('permission', 'auth') 

DEBUG [2017-05-10 15:13:54] /Users/stanley/.pyenv/versions/2.7.8/lib/python2.7/site-packages/django/db/backends/utils.py 89 execute 1652 140737220596672 
 	 (0.001) SELECT `django_content_type`.`id`, `django_content_type`.`app_label`, `django_content_type`.`model` FROM `django_content_type` WHERE (`django_content_type`.`model` = 'permission' AND `django_content_type`.`app_label` = 'auth'); args=('permission', 'auth') 

DEBUG [2017-05-10 15:13:54] /Users/stanley/.pyenv/versions/2.7.8/lib/python2.7/site-packages/django/db/backends/utils.py 89 execute 1652 140737220596672 
 	 (0.000) INSERT INTO `django_content_type` (`app_label`, `model`) VALUES ('auth', 'permission'); args=['auth', 'permission'] 

DEBUG [2017-05-10 15:13:54] /Users/stanley/.pyenv/versions/2.7.8/lib/python2.7/site-packages/django/db/backends/utils.py 89 execute 1652 140737220596672 
 	 (0.001) SELECT `django_content_type`.`id`, `django_content_type`.`app_label`, `django_content_type`.`model` FROM `django_content_type` WHERE (`django_content_type`.`model` = 'group' AND `django_content_type`.`app_label` = 'auth'); args=('group', 'auth') 

DEBUG [2017-05-10 15:13:54] /Users/stanley/.pyenv/versions/2.7.8/lib/python2.7/site-packages/django/db/backends/utils.py 89 execute 1652 140737220596672 
 	 (0.000) SELECT `django_content_type`.`id`, `django_content_type`.`app_label`, `django_content_type`.`model` FROM `django_content_type` WHERE (`django_content_type`.`model` = 'group' AND `django_content_type`.`app_label` = 'auth'); args=('group', 'auth') 

DEBUG [2017-05-10 15:13:54] /Users/stanley/.pyenv/versions/2.7.8/lib/python2.7/site-packages/django/db/backends/utils.py 89 execute 1652 140737220596672 
 	 (0.000) INSERT INTO `django_content_type` (`app_label`, `model`) VALUES ('auth', 'group'); args=['auth', 'group'] 

DEBUG [2017-05-10 15:13:54] /Users/stanley/.pyenv/versions/2.7.8/lib/python2.7/site-packages/django/db/backends/utils.py 89 execute 1652 140737220596672 
 	 (0.007) SELECT `auth_permission`.`content_type_id`, `auth_permission`.`codename` FROM `auth_permission` INNER JOIN `django_content_type` ON ( `auth_permission`.`content_type_id` = `django_content_type`.`id` ) WHERE `auth_permission`.`content_type_id` IN (1, 2) ORDER BY `django_content_type`.`app_label` ASC, `django_content_type`.`model` ASC, `auth_permission`.`codename` ASC; args=(1, 2) 

DEBUG [2017-05-10 15:13:54] /Users/stanley/.pyenv/versions/2.7.8/lib/python2.7/site-packages/django/db/backends/utils.py 89 execute 1652 140737220596672 
 	 (0.001) INSERT INTO `auth_permission` (`name`, `content_type_id`, `codename`) VALUES ('Can add permission', 1, 'add_permission'), ('Can change permission', 1, 'change_permission'), ('Can delete permission', 1, 'delete_permission'), ('Can add group', 2, 'add_group'), ('Can change group', 2, 'change_group'), ('Can delete group', 2, 'delete_group'); args=(u'Can add permission', 1, u'add_permission', u'Can change permission', 1, u'change_permission', u'Can delete permission', 1, u'delete_permission', u'Can add group', 2, u'add_group', u'Can change group', 2, u'change_group', u'Can delete group', 2, u'delete_group') 

DEBUG [2017-05-10 15:13:54] /Users/stanley/.pyenv/versions/2.7.8/lib/python2.7/site-packages/django/db/backends/utils.py 89 execute 1652 140737220596672 
 	 (0.001) SELECT `django_content_type`.`id`, `django_content_type`.`app_label`, `django_content_type`.`model` FROM `django_content_type` WHERE `django_content_type`.`app_label` = 'auth'; args=('auth',) 

DEBUG [2017-05-10 15:13:54] /Users/stanley/.pyenv/versions/2.7.8/lib/python2.7/site-packages/django/db/backends/utils.py 89 execute 1652 140737220596672 
 	 (0.000) SELECT `django_content_type`.`id`, `django_content_type`.`app_label`, `django_content_type`.`model` FROM `django_content_type` WHERE (`django_content_type`.`model` = 'contenttype' AND `django_content_type`.`app_label` = 'contenttypes'); args=('contenttype', 'contenttypes') 

DEBUG [2017-05-10 15:13:54] /Users/stanley/.pyenv/versions/2.7.8/lib/python2.7/site-packages/django/db/backends/utils.py 89 execute 1652 140737220596672 
 	 (0.000) SELECT `django_content_type`.`id`, `django_content_type`.`app_label`, `django_content_type`.`model` FROM `django_content_type` WHERE (`django_content_type`.`model` = 'contenttype' AND `django_content_type`.`app_label` = 'contenttypes'); args=('contenttype', 'contenttypes') 

DEBUG [2017-05-10 15:13:54] /Users/stanley/.pyenv/versions/2.7.8/lib/python2.7/site-packages/django/db/backends/utils.py 89 execute 1652 140737220596672 
 	 (0.000) INSERT INTO `django_content_type` (`app_label`, `model`) VALUES ('contenttypes', 'contenttype'); args=['contenttypes', 'contenttype'] 

DEBUG [2017-05-10 15:13:54] /Users/stanley/.pyenv/versions/2.7.8/lib/python2.7/site-packages/django/db/backends/utils.py 89 execute 1652 140737220596672 
 	 (0.001) SELECT `auth_permission`.`content_type_id`, `auth_permission`.`codename` FROM `auth_permission` INNER JOIN `django_content_type` ON ( `auth_permission`.`content_type_id` = `django_content_type`.`id` ) WHERE `auth_permission`.`content_type_id` IN (3) ORDER BY `django_content_type`.`app_label` ASC, `django_content_type`.`model` ASC, `auth_permission`.`codename` ASC; args=(3,) 

DEBUG [2017-05-10 15:13:54] /Users/stanley/.pyenv/versions/2.7.8/lib/python2.7/site-packages/django/db/backends/utils.py 89 execute 1652 140737220596672 
 	 (0.000) INSERT INTO `auth_permission` (`name`, `content_type_id`, `codename`) VALUES ('Can add content type', 3, 'add_contenttype'), ('Can change content type', 3, 'change_contenttype'), ('Can delete content type', 3, 'delete_contenttype'); args=(u'Can add content type', 3, u'add_contenttype', u'Can change content type', 3, u'change_contenttype', u'Can delete content type', 3, u'delete_contenttype') 

DEBUG [2017-05-10 15:13:54] /Users/stanley/.pyenv/versions/2.7.8/lib/python2.7/site-packages/django/db/backends/utils.py 89 execute 1652 140737220596672 
 	 (0.000) SELECT `django_content_type`.`id`, `django_content_type`.`app_label`, `django_content_type`.`model` FROM `django_content_type` WHERE `django_content_type`.`app_label` = 'contenttypes'; args=('contenttypes',) 

DEBUG [2017-05-10 15:13:54] /Users/stanley/.pyenv/versions/2.7.8/lib/python2.7/site-packages/django/db/backends/utils.py 89 execute 1652 140737220596672 
 	 (0.000) SELECT `django_content_type`.`id`, `django_content_type`.`app_label`, `django_content_type`.`model` FROM `django_content_type` WHERE (`django_content_type`.`model` = 'session' AND `django_content_type`.`app_label` = 'sessions'); args=('session', 'sessions') 

DEBUG [2017-05-10 15:13:54] /Users/stanley/.pyenv/versions/2.7.8/lib/python2.7/site-packages/django/db/backends/utils.py 89 execute 1652 140737220596672 
 	 (0.000) SELECT `django_content_type`.`id`, `django_content_type`.`app_label`, `django_content_type`.`model` FROM `django_content_type` WHERE (`django_content_type`.`model` = 'session' AND `django_content_type`.`app_label` = 'sessions'); args=('session', 'sessions') 

DEBUG [2017-05-10 15:13:54] /Users/stanley/.pyenv/versions/2.7.8/lib/python2.7/site-packages/django/db/backends/utils.py 89 execute 1652 140737220596672 
 	 (0.000) INSERT INTO `django_content_type` (`app_label`, `model`) VALUES ('sessions', 'session'); args=['sessions', 'session'] 

DEBUG [2017-05-10 15:13:54] /Users/stanley/.pyenv/versions/2.7.8/lib/python2.7/site-packages/django/db/backends/utils.py 89 execute 1652 140737220596672 
 	 (0.000) SELECT `auth_permission`.`content_type_id`, `auth_permission`.`codename` FROM `auth_permission` INNER JOIN `django_content_type` ON ( `auth_permission`.`content_type_id` = `django_content_type`.`id` ) WHERE `auth_permission`.`content_type_id` IN (4) ORDER BY `django_content_type`.`app_label` ASC, `django_content_type`.`model` ASC, `auth_permission`.`codename` ASC; args=(4,) 

DEBUG [2017-05-10 15:13:54] /Users/stanley/.pyenv/versions/2.7.8/lib/python2.7/site-packages/django/db/backends/utils.py 89 execute 1652 140737220596672 
 	 (0.000) INSERT INTO `auth_permission` (`name`, `content_type_id`, `codename`) VALUES ('Can add session', 4, 'add_session'), ('Can change session', 4, 'change_session'), ('Can delete session', 4, 'delete_session'); args=(u'Can add session', 4, u'add_session', u'Can change session', 4, u'change_session', u'Can delete session', 4, u'delete_session') 

DEBUG [2017-05-10 15:13:54] /Users/stanley/.pyenv/versions/2.7.8/lib/python2.7/site-packages/django/db/backends/utils.py 89 execute 1652 140737220596672 
 	 (0.000) SELECT `django_content_type`.`id`, `django_content_type`.`app_label`, `django_content_type`.`model` FROM `django_content_type` WHERE `django_content_type`.`app_label` = 'sessions'; args=('sessions',) 

DEBUG [2017-05-10 15:13:54] /Users/stanley/.pyenv/versions/2.7.8/lib/python2.7/site-packages/django/db/backends/utils.py 89 execute 1652 140737220596672 
 	 (0.000) SELECT `django_content_type`.`id`, `django_content_type`.`app_label`, `django_content_type`.`model` FROM `django_content_type` WHERE (`django_content_type`.`model` = 'site' AND `django_content_type`.`app_label` = 'sites'); args=('site', 'sites') 

DEBUG [2017-05-10 15:13:54] /Users/stanley/.pyenv/versions/2.7.8/lib/python2.7/site-packages/django/db/backends/utils.py 89 execute 1652 140737220596672 
 	 (0.000) SELECT `django_content_type`.`id`, `django_content_type`.`app_label`, `django_content_type`.`model` FROM `django_content_type` WHERE (`django_content_type`.`model` = 'site' AND `django_content_type`.`app_label` = 'sites'); args=('site', 'sites') 

DEBUG [2017-05-10 15:13:54] /Users/stanley/.pyenv/versions/2.7.8/lib/python2.7/site-packages/django/db/backends/utils.py 89 execute 1652 140737220596672 
 	 (0.000) INSERT INTO `django_content_type` (`app_label`, `model`) VALUES ('sites', 'site'); args=['sites', 'site'] 

DEBUG [2017-05-10 15:13:54] /Users/stanley/.pyenv/versions/2.7.8/lib/python2.7/site-packages/django/db/backends/utils.py 89 execute 1652 140737220596672 
 	 (0.000) SELECT `auth_permission`.`content_type_id`, `auth_permission`.`codename` FROM `auth_permission` INNER JOIN `django_content_type` ON ( `auth_permission`.`content_type_id` = `django_content_type`.`id` ) WHERE `auth_permission`.`content_type_id` IN (5) ORDER BY `django_content_type`.`app_label` ASC, `django_content_type`.`model` ASC, `auth_permission`.`codename` ASC; args=(5,) 

DEBUG [2017-05-10 15:13:54] /Users/stanley/.pyenv/versions/2.7.8/lib/python2.7/site-packages/django/db/backends/utils.py 89 execute 1652 140737220596672 
 	 (0.000) INSERT INTO `auth_permission` (`name`, `content_type_id`, `codename`) VALUES ('Can add site', 5, 'add_site'), ('Can change site', 5, 'change_site'), ('Can delete site', 5, 'delete_site'); args=(u'Can add site', 5, u'add_site', u'Can change site', 5, u'change_site', u'Can delete site', 5, u'delete_site') 

DEBUG [2017-05-10 15:13:54] /Users/stanley/.pyenv/versions/2.7.8/lib/python2.7/site-packages/django/db/backends/utils.py 89 execute 1652 140737220596672 
 	 (0.000) SELECT `django_content_type`.`id`, `django_content_type`.`app_label`, `django_content_type`.`model` FROM `django_content_type` WHERE `django_content_type`.`app_label` = 'sites'; args=('sites',) 

DEBUG [2017-05-10 15:13:54] /Users/stanley/.pyenv/versions/2.7.8/lib/python2.7/site-packages/django/db/backends/utils.py 89 execute 1652 140737220596672 
 	 (0.001) SELECT (1) AS `a` FROM `django_site` LIMIT 1; args=() 

DEBUG [2017-05-10 15:13:54] /Users/stanley/.pyenv/versions/2.7.8/lib/python2.7/site-packages/django/db/backends/utils.py 89 execute 1652 140737220596672 
 	 (0.000) SELECT `django_site`.`id`, `django_site`.`domain`, `django_site`.`name` FROM `django_site` WHERE `django_site`.`id` = 1; args=(1,) 

DEBUG [2017-05-10 15:13:54] /Users/stanley/.pyenv/versions/2.7.8/lib/python2.7/site-packages/django/db/backends/utils.py 89 execute 1652 140737220596672 
 	 (0.001) UPDATE `django_site` SET `domain` = 'example.com', `name` = 'example.com' WHERE `django_site`.`id` = 1; args=('example.com', 'example.com', 1) 

DEBUG [2017-05-10 15:13:54] /Users/stanley/.pyenv/versions/2.7.8/lib/python2.7/site-packages/django/db/backends/utils.py 89 execute 1652 140737220596672 
 	 (0.000) INSERT INTO `django_site` (`id`, `domain`, `name`) VALUES (1, 'example.com', 'example.com'); args=(1, 'example.com', 'example.com') 

DEBUG [2017-05-10 15:13:54] /Users/stanley/.pyenv/versions/2.7.8/lib/python2.7/site-packages/django/db/backends/utils.py 89 execute 1652 140737220596672 
 	 (0.000) SELECT `django_content_type`.`id`, `django_content_type`.`app_label`, `django_content_type`.`model` FROM `django_content_type` WHERE (`django_content_type`.`model` = 'logentry' AND `django_content_type`.`app_label` = 'admin'); args=('logentry', 'admin') 

DEBUG [2017-05-10 15:13:54] /Users/stanley/.pyenv/versions/2.7.8/lib/python2.7/site-packages/django/db/backends/utils.py 89 execute 1652 140737220596672 
 	 (0.000) SELECT `django_content_type`.`id`, `django_content_type`.`app_label`, `django_content_type`.`model` FROM `django_content_type` WHERE (`django_content_type`.`model` = 'logentry' AND `django_content_type`.`app_label` = 'admin'); args=('logentry', 'admin') 

DEBUG [2017-05-10 15:13:54] /Users/stanley/.pyenv/versions/2.7.8/lib/python2.7/site-packages/django/db/backends/utils.py 89 execute 1652 140737220596672 
 	 (0.000) INSERT INTO `django_content_type` (`app_label`, `model`) VALUES ('admin', 'logentry'); args=['admin', 'logentry'] 

DEBUG [2017-05-10 15:13:54] /Users/stanley/.pyenv/versions/2.7.8/lib/python2.7/site-packages/django/db/backends/utils.py 89 execute 1652 140737220596672 
 	 (0.000) SELECT `auth_permission`.`content_type_id`, `auth_permission`.`codename` FROM `auth_permission` INNER JOIN `django_content_type` ON ( `auth_permission`.`content_type_id` = `django_content_type`.`id` ) WHERE `auth_permission`.`content_type_id` IN (6) ORDER BY `django_content_type`.`app_label` ASC, `django_content_type`.`model` ASC, `auth_permission`.`codename` ASC; args=(6,) 

DEBUG [2017-05-10 15:13:54] /Users/stanley/.pyenv/versions/2.7.8/lib/python2.7/site-packages/django/db/backends/utils.py 89 execute 1652 140737220596672 
 	 (0.000) INSERT INTO `auth_permission` (`name`, `content_type_id`, `codename`) VALUES ('Can add log entry', 6, 'add_logentry'), ('Can change log entry', 6, 'change_logentry'), ('Can delete log entry', 6, 'delete_logentry'); args=(u'Can add log entry', 6, u'add_logentry', u'Can change log entry', 6, u'change_logentry', u'Can delete log entry', 6, u'delete_logentry') 

DEBUG [2017-05-10 15:13:54] /Users/stanley/.pyenv/versions/2.7.8/lib/python2.7/site-packages/django/db/backends/utils.py 89 execute 1652 140737220596672 
 	 (0.000) SELECT `django_content_type`.`id`, `django_content_type`.`app_label`, `django_content_type`.`model` FROM `django_content_type` WHERE `django_content_type`.`app_label` = 'admin'; args=('admin',) 

DEBUG [2017-05-10 15:13:54] /Users/stanley/.pyenv/versions/2.7.8/lib/python2.7/site-packages/django/db/backends/utils.py 89 execute 1652 140737220596672 
 	 (0.000) SELECT `django_content_type`.`id`, `django_content_type`.`app_label`, `django_content_type`.`model` FROM `django_content_type` WHERE (`django_content_type`.`model` = 'function_controller' AND `django_content_type`.`app_label` = 'app_control'); args=('function_controller', 'app_control') 

DEBUG [2017-05-10 15:13:54] /Users/stanley/.pyenv/versions/2.7.8/lib/python2.7/site-packages/django/db/backends/utils.py 89 execute 1652 140737220596672 
 	 (0.000) SELECT `django_content_type`.`id`, `django_content_type`.`app_label`, `django_content_type`.`model` FROM `django_content_type` WHERE (`django_content_type`.`model` = 'function_controller' AND `django_content_type`.`app_label` = 'app_control'); args=('function_controller', 'app_control') 

DEBUG [2017-05-10 15:13:54] /Users/stanley/.pyenv/versions/2.7.8/lib/python2.7/site-packages/django/db/backends/utils.py 89 execute 1652 140737220596672 
 	 (0.000) INSERT INTO `django_content_type` (`app_label`, `model`) VALUES ('app_control', 'function_controller'); args=['app_control', 'function_controller'] 

DEBUG [2017-05-10 15:13:54] /Users/stanley/.pyenv/versions/2.7.8/lib/python2.7/site-packages/django/db/backends/utils.py 89 execute 1652 140737220596672 
 	 (0.001) SELECT `auth_permission`.`content_type_id`, `auth_permission`.`codename` FROM `auth_permission` INNER JOIN `django_content_type` ON ( `auth_permission`.`content_type_id` = `django_content_type`.`id` ) WHERE `auth_permission`.`content_type_id` IN (7) ORDER BY `django_content_type`.`app_label` ASC, `django_content_type`.`model` ASC, `auth_permission`.`codename` ASC; args=(7,) 

DEBUG [2017-05-10 15:13:54] /Users/stanley/.pyenv/versions/2.7.8/lib/python2.7/site-packages/django/db/backends/utils.py 89 execute 1652 140737220596672 
 	 (0.000) INSERT INTO `auth_permission` (`name`, `content_type_id`, `codename`) VALUES ('Can add 功能控制器', 7, 'add_function_controller'), ('Can change 功能控制器', 7, 'change_function_controller'), ('Can delete 功能控制器', 7, 'delete_function_controller'); args=(u'Can add \u529f\u80fd\u63a7\u5236\u5668', 7, u'add_function_controller', u'Can change \u529f\u80fd\u63a7\u5236\u5668', 7, u'change_function_controller', u'Can delete \u529f\u80fd\u63a7\u5236\u5668', 7, u'delete_function_controller') 

DEBUG [2017-05-10 15:13:54] /Users/stanley/.pyenv/versions/2.7.8/lib/python2.7/site-packages/django/db/backends/utils.py 89 execute 1652 140737220596672 
 	 (0.000) SELECT `django_content_type`.`id`, `django_content_type`.`app_label`, `django_content_type`.`model` FROM `django_content_type` WHERE `django_content_type`.`app_label` = 'app_control'; args=('app_control',) 

DEBUG [2017-05-10 15:13:54] /Users/stanley/.pyenv/versions/2.7.8/lib/python2.7/site-packages/django/db/backends/utils.py 89 execute 1652 140737220596672 
 	 (0.000) SELECT `django_content_type`.`id`, `django_content_type`.`app_label`, `django_content_type`.`model` FROM `django_content_type` WHERE (`django_content_type`.`model` = 'bkuser' AND `django_content_type`.`app_label` = 'account'); args=('bkuser', 'account') 

DEBUG [2017-05-10 15:13:54] /Users/stanley/.pyenv/versions/2.7.8/lib/python2.7/site-packages/django/db/backends/utils.py 89 execute 1652 140737220596672 
 	 (0.000) SELECT `django_content_type`.`id`, `django_content_type`.`app_label`, `django_content_type`.`model` FROM `django_content_type` WHERE (`django_content_type`.`model` = 'bkuser' AND `django_content_type`.`app_label` = 'account'); args=('bkuser', 'account') 

DEBUG [2017-05-10 15:13:54] /Users/stanley/.pyenv/versions/2.7.8/lib/python2.7/site-packages/django/db/backends/utils.py 89 execute 1652 140737220596672 
 	 (0.000) INSERT INTO `django_content_type` (`app_label`, `model`) VALUES ('account', 'bkuser'); args=['account', 'bkuser'] 

DEBUG [2017-05-10 15:13:54] /Users/stanley/.pyenv/versions/2.7.8/lib/python2.7/site-packages/django/db/backends/utils.py 89 execute 1652 140737220596672 
 	 (0.000) SELECT `auth_permission`.`content_type_id`, `auth_permission`.`codename` FROM `auth_permission` INNER JOIN `django_content_type` ON ( `auth_permission`.`content_type_id` = `django_content_type`.`id` ) WHERE `auth_permission`.`content_type_id` IN (8) ORDER BY `django_content_type`.`app_label` ASC, `django_content_type`.`model` ASC, `auth_permission`.`codename` ASC; args=(8,) 

DEBUG [2017-05-10 15:13:54] /Users/stanley/.pyenv/versions/2.7.8/lib/python2.7/site-packages/django/db/backends/utils.py 89 execute 1652 140737220596672 
 	 (0.000) INSERT INTO `auth_permission` (`name`, `content_type_id`, `codename`) VALUES ('Can add user', 8, 'add_bkuser'), ('Can change user', 8, 'change_bkuser'), ('Can delete user', 8, 'delete_bkuser'); args=(u'Can add user', 8, u'add_bkuser', u'Can change user', 8, u'change_bkuser', u'Can delete user', 8, u'delete_bkuser') 

DEBUG [2017-05-10 15:13:54] /Users/stanley/.pyenv/versions/2.7.8/lib/python2.7/site-packages/django/db/backends/utils.py 89 execute 1652 140737220596672 
 	 (0.000) SELECT `django_content_type`.`id`, `django_content_type`.`app_label`, `django_content_type`.`model` FROM `django_content_type` WHERE `django_content_type`.`app_label` = 'account'; args=('account',) 

DEBUG [2017-05-10 15:14:02] /Users/stanley/.pyenv/versions/2.7.8/lib/python2.7/site-packages/django/db/backends/utils.py 89 execute 1719 123145377779712 
 	 (0.000) SET SQL_AUTO_IS_NULL = 0; args=None 

DEBUG [2017-05-10 15:14:02] /Users/stanley/.pyenv/versions/2.7.8/lib/python2.7/site-packages/django/db/backends/utils.py 89 execute 1719 123145377779712 
 	 (0.000) SET SQL_AUTO_IS_NULL = 0; args=None 

DEBUG [2017-05-10 15:14:02] /Users/stanley/.pyenv/versions/2.7.8/lib/python2.7/site-packages/django/db/backends/utils.py 89 execute 1719 123145377779712 
 	 (0.001) SHOW FULL TABLES; args=None 

DEBUG [2017-05-10 15:14:02] /Users/stanley/.pyenv/versions/2.7.8/lib/python2.7/site-packages/django/db/backends/utils.py 89 execute 1719 123145377779712 
 	 (0.001) SELECT `django_migrations`.`app`, `django_migrations`.`name` FROM `django_migrations`; args=() 

DEBUG [2017-05-10 15:19:24] /Users/stanley/.pyenv/versions/2.7.8/lib/python2.7/site-packages/django/db/backends/utils.py 89 execute 2061 123145527242752 
 	 (0.000) SET SQL_AUTO_IS_NULL = 0; args=None 

DEBUG [2017-05-10 15:19:24] /Users/stanley/.pyenv/versions/2.7.8/lib/python2.7/site-packages/django/db/backends/utils.py 89 execute 2061 123145527242752 
 	 (0.000) SET SQL_AUTO_IS_NULL = 0; args=None 

DEBUG [2017-05-10 15:19:24] /Users/stanley/.pyenv/versions/2.7.8/lib/python2.7/site-packages/django/db/backends/utils.py 89 execute 2061 123145527242752 
 	 (0.003) SHOW FULL TABLES; args=None 

DEBUG [2017-05-10 15:19:24] /Users/stanley/.pyenv/versions/2.7.8/lib/python2.7/site-packages/django/db/backends/utils.py 89 execute 2061 123145527242752 
 	 (0.001) SELECT `django_migrations`.`app`, `django_migrations`.`name` FROM `django_migrations`; args=() 

DEBUG [2017-05-10 15:20:02] /Users/stanley/.pyenv/versions/2.7.8/lib/python2.7/site-packages/django/db/backends/utils.py 89 execute 2218 123145495552000 
 	 (0.000) SET SQL_AUTO_IS_NULL = 0; args=None 

DEBUG [2017-05-10 15:20:03] /Users/stanley/.pyenv/versions/2.7.8/lib/python2.7/site-packages/django/db/backends/utils.py 89 execute 2218 123145495552000 
 	 (0.000) SET SQL_AUTO_IS_NULL = 0; args=None 

DEBUG [2017-05-10 15:20:03] /Users/stanley/.pyenv/versions/2.7.8/lib/python2.7/site-packages/django/db/backends/utils.py 89 execute 2218 123145495552000 
 	 (0.006) SHOW FULL TABLES; args=None 

DEBUG [2017-05-10 15:20:03] /Users/stanley/.pyenv/versions/2.7.8/lib/python2.7/site-packages/django/db/backends/utils.py 89 execute 2218 123145495552000 
 	 (0.001) SELECT `django_migrations`.`app`, `django_migrations`.`name` FROM `django_migrations`; args=() 

DEBUG [2017-05-10 15:20:50] /Users/stanley/.pyenv/versions/2.7.8/lib/python2.7/site-packages/django/db/backends/utils.py 89 execute 2361 123145566633984 
 	 (0.000) SET SQL_AUTO_IS_NULL = 0; args=None 

DEBUG [2017-05-10 15:20:50] /Users/stanley/.pyenv/versions/2.7.8/lib/python2.7/site-packages/django/db/backends/utils.py 89 execute 2361 123145566633984 
 	 (0.000) SET SQL_AUTO_IS_NULL = 0; args=None 

DEBUG [2017-05-10 15:20:50] /Users/stanley/.pyenv/versions/2.7.8/lib/python2.7/site-packages/django/db/backends/utils.py 89 execute 2361 123145566633984 
 	 (0.001) SHOW FULL TABLES; args=None 

DEBUG [2017-05-10 15:20:50] /Users/stanley/.pyenv/versions/2.7.8/lib/python2.7/site-packages/django/db/backends/utils.py 89 execute 2361 123145566633984 
 	 (0.002) SELECT `django_migrations`.`app`, `django_migrations`.`name` FROM `django_migrations`; args=() 

DEBUG [2017-05-10 15:20:52] /Users/stanley/.pyenv/versions/2.7.8/lib/python2.7/site-packages/django/db/backends/utils.py 89 execute 2361 123145570840576 
 	 (0.000) SET SQL_AUTO_IS_NULL = 0; args=None 

DEBUG [2017-05-10 15:20:52] /Users/stanley/.pyenv/versions/2.7.8/lib/python2.7/site-packages/django/db/backends/utils.py 89 execute 2361 123145570840576 
 	 (0.000) SET SQL_AUTO_IS_NULL = 0; args=None 

DEBUG [2017-05-10 15:20:52] /Users/stanley/.pyenv/versions/2.7.8/lib/python2.7/site-packages/django/db/backends/utils.py 89 execute 2361 123145570840576 
 	 (0.002) SELECT `account_bkuser`.`id`, `account_bkuser`.`password`, `account_bkuser`.`last_login`, `account_bkuser`.`is_superuser`, `account_bkuser`.`username`, `account_bkuser`.`chname`, `account_bkuser`.`company`, `account_bkuser`.`qq`, `account_bkuser`.`phone`, `account_bkuser`.`email`, `account_bkuser`.`is_staff`, `account_bkuser`.`date_joined` FROM `account_bkuser` WHERE `account_bkuser`.`username` = 'admin'; args=(u'admin',) 

DEBUG [2017-05-10 15:20:52] /Users/stanley/.pyenv/versions/2.7.8/lib/python2.7/site-packages/django/db/backends/utils.py 89 execute 2361 123145570840576 
 	 (0.003) UPDATE `account_bkuser` SET `password` = '', `last_login` = '2017-05-10 15:13:54.121385', `is_superuser` = 1, `username` = 'admin', `chname` = '', `company` = '', `qq` = '', `phone` = '', `email` = '', `is_staff` = 1, `date_joined` = '2017-05-10 15:13:54.121385' WHERE `account_bkuser`.`id` = 1; args=(u'', u'2017-05-10 15:13:54.121385', True, u'admin', u'', '', u'', u'', u'', True, u'2017-05-10 15:13:54.121385', 1) 

DEBUG [2017-05-10 15:22:11] /Users/stanley/.pyenv/versions/2.7.8/lib/python2.7/site-packages/django/db/backends/utils.py 89 execute 2519 123145344618496 
 	 (0.000) SET SQL_AUTO_IS_NULL = 0; args=None 

DEBUG [2017-05-10 15:22:11] /Users/stanley/.pyenv/versions/2.7.8/lib/python2.7/site-packages/django/db/backends/utils.py 89 execute 2519 123145344618496 
 	 (0.000) SET SQL_AUTO_IS_NULL = 0; args=None 

DEBUG [2017-05-10 15:22:11] /Users/stanley/.pyenv/versions/2.7.8/lib/python2.7/site-packages/django/db/backends/utils.py 89 execute 2519 123145344618496 
 	 (0.001) SHOW FULL TABLES; args=None 

DEBUG [2017-05-10 15:22:11] /Users/stanley/.pyenv/versions/2.7.8/lib/python2.7/site-packages/django/db/backends/utils.py 89 execute 2519 123145344618496 
 	 (0.001) SELECT `django_migrations`.`app`, `django_migrations`.`name` FROM `django_migrations`; args=() 

DEBUG [2017-05-10 15:23:57] /Users/stanley/.pyenv/versions/2.7.8/lib/python2.7/site-packages/django/db/backends/utils.py 89 execute 2519 123145348825088 
 	 (0.000) SET SQL_AUTO_IS_NULL = 0; args=None 

DEBUG [2017-05-10 15:23:57] /Users/stanley/.pyenv/versions/2.7.8/lib/python2.7/site-packages/django/db/backends/utils.py 89 execute 2519 123145348825088 
 	 (0.000) SET SQL_AUTO_IS_NULL = 0; args=None 

DEBUG [2017-05-10 15:23:57] /Users/stanley/.pyenv/versions/2.7.8/lib/python2.7/site-packages/django/db/backends/utils.py 89 execute 2519 123145348825088 
 	 (0.002) SELECT `account_bkuser`.`id`, `account_bkuser`.`password`, `account_bkuser`.`last_login`, `account_bkuser`.`is_superuser`, `account_bkuser`.`username`, `account_bkuser`.`chname`, `account_bkuser`.`company`, `account_bkuser`.`qq`, `account_bkuser`.`phone`, `account_bkuser`.`email`, `account_bkuser`.`is_staff`, `account_bkuser`.`date_joined` FROM `account_bkuser` WHERE `account_bkuser`.`username` = 'admin'; args=(u'admin',) 

DEBUG [2017-05-10 15:23:58] /Users/stanley/.pyenv/versions/2.7.8/lib/python2.7/site-packages/django/db/backends/utils.py 89 execute 2519 123145348825088 
 	 (0.001) UPDATE `account_bkuser` SET `password` = '', `last_login` = '2017-05-10 15:13:54.121385', `is_superuser` = 1, `username` = 'admin', `chname` = '', `company` = '', `qq` = '', `phone` = '', `email` = '', `is_staff` = 1, `date_joined` = '2017-05-10 15:13:54.121385' WHERE `account_bkuser`.`id` = 1; args=(u'', u'2017-05-10 15:13:54.121385', True, u'admin', u'', '', u'', u'', u'', True, u'2017-05-10 15:13:54.121385', 1) 

